[  0%] Generating ptencoders.cpp, ptencoders.h
[  0%] Generating body.cpp, body.h
[  0%] Generating exceptions.cpp, exceptions.h
[  1%] Generating common.cpp, common.h
[  1%] Generating bodyencoders.cpp, bodyencoders.h
[  1%] Generating motors.cpp, motors.h
[  2%] Generating replayControl.cpp, replayControl.h
[  2%] Generating namingService.cpp, namingService.h
[  3%] Generating varcolor.cpp, varcolor.h
[  3%] Generating remoteConfig.cpp, remoteConfig.h
[  3%] Generating bodymovements.cpp, bodymovements.h
[  4%] Generating kinectleds.cpp, kinectleds.h
[  4%] Generating datetime.cpp, datetime.h
[  4%] Generating sonars.cpp, sonars.h
[  5%] Generating ptmotors.cpp, ptmotors.h
[  5%] Generating remoteCloud.cpp, remoteCloud.h
[  6%] Generating naofollowball.cpp, naofollowball.h
[  6%] Generating pose3d.cpp, pose3d.h
[  6%] Generating camera.cpp, camera.h
[  7%] Generating pointcloud.cpp, pointcloud.h
[  7%] Generating containers.cpp, containers.h
[  8%] Generating image.cpp, image.h
[  8%] Generating recorder.cpp, recorder.h
[  8%] Generating pose3dencoders.cpp, pose3dencoders.h
[  9%] Generating wiimote.cpp, wiimote.h
[  9%] Generating jcm.cpp, jcm.h
[  9%] Generating encoders.cpp, encoders.h
[ 10%] Generating bodymotors.cpp, bodymotors.h
[ 10%] Generating naomotions.cpp, naomotions.h
[ 11%] Generating laser.cpp, laser.h
[ 11%] Generating pose3dmotors.cpp, pose3dmotors.h
[ 11%] Generating jointmotor.cpp, jointmotor.h
[ 12%] Generating genericData.cpp, genericData.h
Scanning dependencies of target JderobotInterfaces
[ 13%] Building CXX object src/stable/interfaces/cpp/jderobot/CMakeFiles/JderobotInterfaces.dir/body.cpp.o
[ 13%] Building CXX object src/stable/interfaces/cpp/jderobot/CMakeFiles/JderobotInterfaces.dir/exceptions.cpp.o
[ 13%] Building CXX object src/stable/interfaces/cpp/jderobot/CMakeFiles/JderobotInterfaces.dir/common.cpp.o
[ 14%] Building CXX object src/stable/interfaces/cpp/jderobot/CMakeFiles/JderobotInterfaces.dir/bodyencoders.cpp.o
[ 14%] Building CXX object src/stable/interfaces/cpp/jderobot/CMakeFiles/JderobotInterfaces.dir/motors.cpp.o
[ 14%] Building CXX object src/stable/interfaces/cpp/jderobot/CMakeFiles/JderobotInterfaces.dir/replayControl.cpp.o
[ 15%] Building CXX object src/stable/interfaces/cpp/jderobot/CMakeFiles/JderobotInterfaces.dir/namingService.cpp.o
[ 15%] Building CXX object src/stable/interfaces/cpp/jderobot/CMakeFiles/JderobotInterfaces.dir/varcolor.cpp.o
[ 16%] Building CXX object src/stable/interfaces/cpp/jderobot/CMakeFiles/JderobotInterfaces.dir/remoteConfig.cpp.o
[ 16%] Building CXX object src/stable/interfaces/cpp/jderobot/CMakeFiles/JderobotInterfaces.dir/bodymovements.cpp.o
[ 16%] Building CXX object src/stable/interfaces/cpp/jderobot/CMakeFiles/JderobotInterfaces.dir/kinectleds.cpp.o
[ 17%] Building CXX object src/stable/interfaces/cpp/jderobot/CMakeFiles/JderobotInterfaces.dir/datetime.cpp.o
[ 17%] Building CXX object src/stable/interfaces/cpp/jderobot/CMakeFiles/JderobotInterfaces.dir/sonars.cpp.o
[ 18%] Building CXX object src/stable/interfaces/cpp/jderobot/CMakeFiles/JderobotInterfaces.dir/ptmotors.cpp.o
[ 18%] Building CXX object src/stable/interfaces/cpp/jderobot/CMakeFiles/JderobotInterfaces.dir/remoteCloud.cpp.o
[ 18%] Building CXX object src/stable/interfaces/cpp/jderobot/CMakeFiles/JderobotInterfaces.dir/naofollowball.cpp.o
[ 19%] Building CXX object src/stable/interfaces/cpp/jderobot/CMakeFiles/JderobotInterfaces.dir/pose3d.cpp.o
[ 19%] Building CXX object src/stable/interfaces/cpp/jderobot/CMakeFiles/JderobotInterfaces.dir/camera.cpp.o
[ 19%] Building CXX object src/stable/interfaces/cpp/jderobot/CMakeFiles/JderobotInterfaces.dir/pointcloud.cpp.o
[ 20%] Building CXX object src/stable/interfaces/cpp/jderobot/CMakeFiles/JderobotInterfaces.dir/containers.cpp.o
[ 20%] Building CXX object src/stable/interfaces/cpp/jderobot/CMakeFiles/JderobotInterfaces.dir/image.cpp.o
[ 21%] Building CXX object src/stable/interfaces/cpp/jderobot/CMakeFiles/JderobotInterfaces.dir/recorder.cpp.o
[ 21%] Building CXX object src/stable/interfaces/cpp/jderobot/CMakeFiles/JderobotInterfaces.dir/pose3dencoders.cpp.o
[ 21%] Building CXX object src/stable/interfaces/cpp/jderobot/CMakeFiles/JderobotInterfaces.dir/wiimote.cpp.o
[ 22%] Building CXX object src/stable/interfaces/cpp/jderobot/CMakeFiles/JderobotInterfaces.dir/jcm.cpp.o
[ 22%] Building CXX object src/stable/interfaces/cpp/jderobot/CMakeFiles/JderobotInterfaces.dir/encoders.cpp.o
[ 22%] Building CXX object src/stable/interfaces/cpp/jderobot/CMakeFiles/JderobotInterfaces.dir/bodymotors.cpp.o
[ 23%] Building CXX object src/stable/interfaces/cpp/jderobot/CMakeFiles/JderobotInterfaces.dir/naomotions.cpp.o
[ 23%] Building CXX object src/stable/interfaces/cpp/jderobot/CMakeFiles/JderobotInterfaces.dir/laser.cpp.o
[ 24%] Building CXX object src/stable/interfaces/cpp/jderobot/CMakeFiles/JderobotInterfaces.dir/pose3dmotors.cpp.o
[ 24%] Building CXX object src/stable/interfaces/cpp/jderobot/CMakeFiles/JderobotInterfaces.dir/jointmotor.cpp.o
[ 24%] Building CXX object src/stable/interfaces/cpp/jderobot/CMakeFiles/JderobotInterfaces.dir/genericData.cpp.o
[ 25%] Building CXX object src/stable/interfaces/cpp/jderobot/CMakeFiles/JderobotInterfaces.dir/ptencoders.cpp.o
Linking CXX shared library libJderobotInterfaces.so
[ 25%] Built target JderobotInterfaces
Scanning dependencies of target ns
[ 25%] Building CXX object src/stable/libs/ns/CMakeFiles/ns.dir/ns.cpp.o
Linking CXX shared library libns.so
[ 25%] Built target ns
[ 25%] Building CXX object src/stable/libs/log/CMakeFiles/logger.dir/Logger.cpp.o
Linking CXX shared library liblogger.so
[ 25%] Built target logger
[ 26%] Building C object src/stable/libs/progeo/CMakeFiles/progeo.dir/progeo.c.o
/home/lihang/dev/gsoc2015/JdeRobot/src/stable/libs/progeo/progeo.c:581:6: warning: conflicting types for ‘update_camera_matrix’ [enabled by default]
 void update_camera_matrix(TPinHoleCamera *camera)
      ^
/home/lihang/dev/gsoc2015/JdeRobot/src/stable/libs/progeo/progeo.c:345:2: note: previous implicit declaration of ‘update_camera_matrix’ was here
  update_camera_matrix(&camera);
  ^
Linking C static library libprogeo.a
[ 26%] Built target progeo
[ 26%] Building C object src/stable/libs/progeo/CMakeFiles/progeoshare.dir/progeo.c.o
/home/lihang/dev/gsoc2015/JdeRobot/src/stable/libs/progeo/progeo.c:581:6: warning: conflicting types for ‘update_camera_matrix’ [enabled by default]
 void update_camera_matrix(TPinHoleCamera *camera)
      ^
/home/lihang/dev/gsoc2015/JdeRobot/src/stable/libs/progeo/progeo.c:345:2: note: previous implicit declaration of ‘update_camera_matrix’ was here
  update_camera_matrix(&camera);
  ^
Linking C shared library libprogeo.so
[ 26%] Built target progeoshare
[ 26%] Building CXX object src/stable/libs/xmlParser/CMakeFiles/xmlParser.dir/xmlReaderParser.cpp.o
[ 27%] Building CXX object src/stable/libs/xmlParser/CMakeFiles/xmlParser.dir/xmlWriterParser.cpp.o
Linking CXX static library libxmlParser.a
[ 27%] Built target xmlParser
[ 27%] Building CXX object src/stable/libs/xmlParser/CMakeFiles/xmlParsershare.dir/xmlReaderParser.cpp.o
[ 28%] Building CXX object src/stable/libs/xmlParser/CMakeFiles/xmlParsershare.dir/xmlWriterParser.cpp.o
Linking CXX shared library libxmlParser.so
[ 28%] Built target xmlParsershare
[ 29%] Building C object src/stable/libs/fuzzylib/CMakeFiles/fuzzylib.dir/fuzzylib.c.o
Linking C static library libfuzzylib.a
[ 29%] Built target fuzzylib
[ 29%] Building C object src/stable/libs/fuzzylib/CMakeFiles/fuzzyshare.dir/fuzzylib.c.o
Linking C shared library libfuzzylib.so
[ 29%] Built target fuzzyshare
[ 29%] Building C object src/stable/libs/visionlib/colorspaces/CMakeFiles/colorspaces.dir/rgb2hsv.c.o
[ 30%] Building C object src/stable/libs/visionlib/colorspaces/CMakeFiles/colorspaces.dir/rgb2yuv.c.o
Linking C static library libcolorspaces.a
[ 30%] Built target colorspaces
[ 30%] Building CXX object src/stable/libs/visionlib/colorspaces/CMakeFiles/colorspacesmm.dir/imagecv.cpp.o
Linking CXX static library libcolorspacesmm.a
[ 30%] Built target colorspacesmm
[ 31%] Building CXX object src/stable/libs/visionlib/colorspaces/CMakeFiles/colorspacesmmshare.dir/imagecv.cpp.o
Linking CXX shared library libcolorspacesmm.so
[ 31%] Built target colorspacesmmshare
[ 31%] Building C object src/stable/libs/visionlib/colorspaces/CMakeFiles/colorspacesshare.dir/rgb2hsv.c.o
[ 31%] Building C object src/stable/libs/visionlib/colorspaces/CMakeFiles/colorspacesshare.dir/rgb2yuv.c.o
Linking C shared library libcolorspaces.so
[ 31%] Built target colorspacesshare
[ 32%] Building CXX object src/stable/libs/visionlib/cvBlob/CMakeFiles/cvblob.dir/cvblob.cpp.o
[ 32%] Building CXX object src/stable/libs/visionlib/cvBlob/CMakeFiles/cvblob.dir/cvlabel.cpp.o
[ 32%] Building CXX object src/stable/libs/visionlib/cvBlob/CMakeFiles/cvblob.dir/cvaux.cpp.o
[ 33%] Building CXX object src/stable/libs/visionlib/cvBlob/CMakeFiles/cvblob.dir/cvcontour.cpp.o
[ 33%] Building CXX object src/stable/libs/visionlib/cvBlob/CMakeFiles/cvblob.dir/cvtrack.cpp.o
[ 34%] Building CXX object src/stable/libs/visionlib/cvBlob/CMakeFiles/cvblob.dir/cvcolor.cpp.o
Linking CXX shared library libcvblob.so
[ 34%] Built target cvblob
[ 34%] Building CXX object src/stable/libs/visionlib/cvFast/CMakeFiles/cvfast.dir/cvfast.cpp.o
Linking CXX shared library libcvfast.so
[ 34%] Built target cvfast
[ 34%] Building CXX object src/stable/libs/visionlib/imgAnalyze/CMakeFiles/imgAnalyze.dir/geometry.cpp.o
[ 35%] Building CXX object src/stable/libs/visionlib/imgAnalyze/CMakeFiles/imgAnalyze.dir/image.cpp.o
[ 35%] Building CXX object src/stable/libs/visionlib/imgAnalyze/CMakeFiles/imgAnalyze.dir/linesDetection.cpp.o
Linking CXX shared library libimgAnalyze.so
[ 35%] Built target imgAnalyze
[ 35%] Building C object src/stable/libs/pioneer/CMakeFiles/pioneer.dir/pioneer.c.o
Linking C static library libpioneer.a
[ 35%] Built target pioneer
[ 35%] Building C object src/stable/libs/pioneer/CMakeFiles/pioneershare.dir/pioneer.c.o
Linking C shared library libpioneer.so
[ 35%] Built target pioneershare
Scanning dependencies of target parallelIce
[ 36%] Building CXX object src/stable/libs/parallelIce/CMakeFiles/parallelIce.dir/cameraClient.cpp.o
[ 36%] Building CXX object src/stable/libs/parallelIce/CMakeFiles/parallelIce.dir/pointcloudClient.cpp.o
[ 36%] Building CXX object src/stable/libs/parallelIce/CMakeFiles/parallelIce.dir/laserClient.cpp.o
Linking CXX static library libparallelIce.a
[ 36%] Built target parallelIce
Scanning dependencies of target parallelIceshare
[ 37%] Building CXX object src/stable/libs/parallelIce/CMakeFiles/parallelIceshare.dir/cameraClient.cpp.o
[ 37%] Building CXX object src/stable/libs/parallelIce/CMakeFiles/parallelIceshare.dir/pointcloudClient.cpp.o
[ 38%] Building CXX object src/stable/libs/parallelIce/CMakeFiles/parallelIceshare.dir/laserClient.cpp.o
Linking CXX shared library libparallelIce.so
[ 38%] Built target parallelIceshare
[ 38%] Building CXX object src/stable/libs/depthLib/CMakeFiles/depthLib.dir/DepthFilter.cpp.o
[ 39%] Building CXX object src/stable/libs/depthLib/CMakeFiles/depthLib.dir/DepthSampler.cpp.o
Linking CXX static library libdepthLib.a
[ 39%] Built target depthLib
[ 39%] Building CXX object src/stable/libs/depthLib/CMakeFiles/depthLibshare.dir/DepthFilter.cpp.o
[ 39%] Building CXX object src/stable/libs/depthLib/CMakeFiles/depthLibshare.dir/DepthSampler.cpp.o
Linking CXX shared library libdepthLib.so
[ 39%] Built target depthLibshare
[ 40%] Building CXX object src/stable/libs/geometry/CMakeFiles/geometry.dir/math/matriz3x3.cpp.o
[ 40%] Building CXX object src/stable/libs/geometry/CMakeFiles/geometry.dir/math/matriz4x4.cpp.o
[ 40%] Building CXX object src/stable/libs/geometry/CMakeFiles/geometry.dir/math/plano.cpp.o
[ 41%] Building CXX object src/stable/libs/geometry/CMakeFiles/geometry.dir/math/utils.cpp.o
[ 41%] Building CXX object src/stable/libs/geometry/CMakeFiles/geometry.dir/math/Line2D.cpp.o
[ 41%] Building CXX object src/stable/libs/geometry/CMakeFiles/geometry.dir/math/Segment2D.cpp.o
[ 42%] Building CXX object src/stable/libs/geometry/CMakeFiles/geometry.dir/math/Point2D.cpp.o
[ 42%] Building CXX object src/stable/libs/geometry/CMakeFiles/geometry.dir/math/Point3D.cpp.o
[ 43%] Building CXX object src/stable/libs/geometry/CMakeFiles/geometry.dir/math/Line3D.cpp.o
[ 43%] Building CXX object src/stable/libs/geometry/CMakeFiles/geometry.dir/math/Plane3D.cpp.o
[ 43%] Building CXX object src/stable/libs/geometry/CMakeFiles/geometry.dir/math/Segment3D.cpp.o
[ 44%] Building CXX object src/stable/libs/geometry/CMakeFiles/geometry.dir/collada/colladaparser.cpp.o
[ 44%] Building CXX object src/stable/libs/geometry/CMakeFiles/geometry.dir/collada/color.cpp.o
[ 45%] Building CXX object src/stable/libs/geometry/CMakeFiles/geometry.dir/collada/malla.cpp.o
[ 45%] Building CXX object src/stable/libs/geometry/CMakeFiles/geometry.dir/collada/material.cpp.o
[ 45%] Building CXX object src/stable/libs/geometry/CMakeFiles/geometry.dir/collada/submalla.cpp.o
[ 46%] Building CXX object src/stable/libs/geometry/CMakeFiles/geometry.dir/progeo/Progeo.cpp.o
[ 46%] Building CXX object src/stable/libs/geometry/CMakeFiles/geometry.dir/math/segmento.cpp.o
[ 46%] Building CXX object src/stable/libs/geometry/CMakeFiles/geometry.dir/math/recta.cpp.o
Linking CXX shared library libgeometry.so
[ 46%] Built target geometry
[ 46%] Building CXX object src/stable/libs/jderobotutil/CMakeFiles/jderobotutil.dir/observer.cpp.o
[ 46%] Building CXX object src/stable/libs/jderobotutil/CMakeFiles/jderobotutil.dir/paramdict.cpp.o
[ 47%] Building CXX object src/stable/libs/jderobotutil/CMakeFiles/jderobotutil.dir/time.cpp.o
Linking CXX static library libjderobotutil.a
[ 47%] Built target jderobotutil
[ 47%] Building CXX object src/stable/libs/jderobotutil/CMakeFiles/jderobotutilshare.dir/observer.cpp.o
[ 48%] Building CXX object src/stable/libs/jderobotutil/CMakeFiles/jderobotutilshare.dir/paramdict.cpp.o
[ 48%] Building CXX object src/stable/libs/jderobotutil/CMakeFiles/jderobotutilshare.dir/time.cpp.o
Linking CXX shared library libjderobotutil.so
[ 48%] Built target jderobotutilshare
Scanning dependencies of target rgbdCalibrator
[ 48%] Building CXX object src/stable/components/rgbdCalibrator/CMakeFiles/rgbdCalibrator.dir/rgbdCalibrator.cpp.o
[ 49%] Building CXX object src/stable/components/rgbdCalibrator/CMakeFiles/rgbdCalibrator.dir/viewer.cpp.o
[ 49%] Building CXX object src/stable/components/rgbdCalibrator/CMakeFiles/rgbdCalibrator.dir/calibration.cpp.o
[ 49%] Building CXX object src/stable/components/rgbdCalibrator/CMakeFiles/rgbdCalibrator.dir/geoUtils.cpp.o
Linking CXX executable rgbdCalibrator
[ 49%] Built target rgbdCalibrator
[ 49%] Generating gui/moc_gui.cxx
Scanning dependencies of target basic_component_qt
[ 50%] Building CXX object src/stable/components/basic_component_qt/CMakeFiles/basic_component_qt.dir/basic_component_qt.cpp.o
[ 50%] Building CXX object src/stable/components/basic_component_qt/CMakeFiles/basic_component_qt.dir/control/threadcontrol.cpp.o
[ 51%] Building CXX object src/stable/components/basic_component_qt/CMakeFiles/basic_component_qt.dir/control/control.cpp.o
[ 51%] Building CXX object src/stable/components/basic_component_qt/CMakeFiles/basic_component_qt.dir/gui/threadgui.cpp.o
[ 51%] Building CXX object src/stable/components/basic_component_qt/CMakeFiles/basic_component_qt.dir/gui/gui.cpp.o
[ 52%] Building CXX object src/stable/components/basic_component_qt/CMakeFiles/basic_component_qt.dir/shared.cpp.o
[ 52%] Building CXX object src/stable/components/basic_component_qt/CMakeFiles/basic_component_qt.dir/gui/moc_gui.cxx.o
Linking CXX executable basic_component_qt
[ 52%] Built target basic_component_qt
Scanning dependencies of target opencvdemo
[ 53%] Building CXX object src/stable/components/opencvdemo/CMakeFiles/opencvdemo.dir/opencvdemo.cpp.o
[ 53%] Building CXX object src/stable/components/opencvdemo/CMakeFiles/opencvdemo.dir/viewer.cpp.o
Linking CXX executable opencvdemo
[ 53%] Built target opencvdemo
Scanning dependencies of target cameraview_icestorm
[ 54%] Building CXX object src/stable/components/cameraview_icestorm/CMakeFiles/cameraview_icestorm.dir/viewer.cpp.o
[ 54%] Building CXX object src/stable/components/cameraview_icestorm/CMakeFiles/cameraview_icestorm.dir/cameraview_icestorm.cpp.o
Linking CXX executable cameraview_icestorm
[ 54%] Built target cameraview_icestorm
Scanning dependencies of target giraffeClient
[ 55%] Building CXX object src/stable/components/giraffeClient/CMakeFiles/giraffeClient.dir/giraffeClient.cpp.o
[ 55%] Building CXX object src/stable/components/giraffeClient/CMakeFiles/giraffeClient.dir/controller.cpp.o
[ 56%] Building CXX object src/stable/components/giraffeClient/CMakeFiles/giraffeClient.dir/view.cpp.o
[ 56%] Building CXX object src/stable/components/giraffeClient/CMakeFiles/giraffeClient.dir/cameraconf.cpp.o
Linking CXX executable giraffeClient
[ 56%] Built target giraffeClient
Scanning dependencies of target colorTuner
[ 57%] Building CXX object src/stable/components/colorTuner/CMakeFiles/colorTuner.dir/viewer.cpp.o
[ 57%] Building CXX object src/stable/components/colorTuner/CMakeFiles/colorTuner.dir/colorTuner.cpp.o
Linking CXX executable colorTuner
[ 57%] Built target colorTuner
[ 58%] Generating myInterface.cpp, myInterface.h
Scanning dependencies of target basic_server
[ 58%] Building CXX object src/stable/components/basic_server/CMakeFiles/basic_server.dir/basic_server.cpp.o
[ 58%] Building CXX object src/stable/components/basic_server/CMakeFiles/basic_server.dir/myInterface.cpp.o
Linking CXX executable basic_server
[ 58%] Built target basic_server
Scanning dependencies of target followball
[ 59%] Building CXX object src/stable/components/followBall/CMakeFiles/followball.dir/viewer.cpp.o
[ 59%] Building CXX object src/stable/components/followBall/CMakeFiles/followball.dir/sensors.cpp.o
[ 60%] Building CXX object src/stable/components/followBall/CMakeFiles/followball.dir/control.cpp.o
[ 60%] Building CXX object src/stable/components/followBall/CMakeFiles/followball.dir/handler.cpp.o
[ 60%] Building CXX object src/stable/components/followBall/CMakeFiles/followball.dir/main.cpp.o
Linking CXX executable followball
[ 60%] Built target followball
Scanning dependencies of target cameraserver
[ 61%] Building CXX object src/stable/components/cameraserver/CMakeFiles/cameraserver.dir/cameraserver.cpp.o
Linking CXX executable cameraserver
[ 61%] Built target cameraserver
Scanning dependencies of target rgbdViewer
[ 61%] Building CXX object src/stable/components/rgbdViewer/CMakeFiles/rgbdViewer.dir/rgbdViewer.cpp.o
[ 62%] Building CXX object src/stable/components/rgbdViewer/CMakeFiles/rgbdViewer.dir/drawarea.cpp.o
/home/lihang/dev/gsoc2015/JdeRobot/src/stable/components/rgbdViewer/drawarea.cpp: In member function ‘int rgbdViewer::DrawArea::load_line(FILE*)’:
/home/lihang/dev/gsoc2015/JdeRobot/src/stable/components/rgbdViewer/drawarea.cpp:524:162: warning: format ‘%s’ expects a matching ‘char*’ argument [-Wformat=]
   number=sscanf(buffer_file,"%s %s %s %s %s %s %s %s %s %s %s %s",word1,words[0],words[1],words[2],words[3],words[4],words[5],words[6],words[7],words[8],words[9]);
                                                                                                                                                                  ^
[ 62%] Building CXX object src/stable/components/rgbdViewer/CMakeFiles/rgbdViewer.dir/rgbdViewergui.cpp.o
[ 62%] Building CXX object src/stable/components/rgbdViewer/CMakeFiles/rgbdViewer.dir/myprogeo.cpp.o
Linking CXX executable rgbdViewer
[ 62%] Built target rgbdViewer
Scanning dependencies of target remoteConfiguration
[ 63%] Building CXX object src/stable/components/remoteConfiguration/CMakeFiles/remoteConfiguration.dir/remoteConfiguration.cpp.o
[ 63%] Building CXX object src/stable/components/remoteConfiguration/CMakeFiles/remoteConfiguration.dir/myparser.cpp.o
Linking CXX executable remoteConfiguration
[ 63%] Built target remoteConfiguration
Scanning dependencies of target namingService
[ 64%] Building CXX object src/stable/components/namingService/CMakeFiles/namingService.dir/main.cpp.o
[ 64%] Building CXX object src/stable/components/namingService/CMakeFiles/namingService.dir/NamingServiceJdeRobot.cpp.o
Linking CXX executable namingService
[ 64%] Built target namingService
Scanning dependencies of target replayController
[ 64%] Building CXX object src/stable/components/replayController/CMakeFiles/replayController.dir/replayController.cpp.o
[ 65%] Building CXX object src/stable/components/replayController/CMakeFiles/replayController.dir/replayControllerGui.cpp.o
Linking CXX executable replayController
[ 65%] Built target replayController
[ 66%] Generating qrc_resources.cxx
[ 66%] Generating moc_depuratewindow.cxx
/home/lihang/dev/gsoc2015/JdeRobot/src/stable/components/introrob_qt/depuratewindow.h:0: Note: No relevant classes found. No output generated.
[ 67%] Generating robot/moc_actuators.cxx
/home/lihang/dev/gsoc2015/JdeRobot/src/stable/components/introrob_qt/robot/actuators.h:0: Note: No relevant classes found. No output generated.
[ 67%] Generating robot/moc_robot.cxx
[ 68%] Generating robot/moc_sensors.cxx
/home/lihang/dev/gsoc2015/JdeRobot/src/stable/components/introrob_qt/robot/sensors.h:0: Note: No relevant classes found. No output generated.
[ 68%] Generating robot/moc_threadupdaterobot.cxx
/home/lihang/dev/gsoc2015/JdeRobot/src/stable/components/introrob_qt/robot/threadupdaterobot.h:0: Note: No relevant classes found. No output generated.
[ 68%] Generating pioneer/moc_pioneer.cxx
/home/lihang/dev/gsoc2015/JdeRobot/src/stable/components/introrob_qt/pioneer/pioneer.c:0: Note: No relevant classes found. No output generated.
[ 69%] Generating pioneer/moc_pioneeropengl.cxx
/home/lihang/dev/gsoc2015/JdeRobot/src/stable/components/introrob_qt/pioneer/pioneeropengl.c:0: Note: No relevant classes found. No output generated.
[ 69%] Generating gui/moc_gui.cxx
[ 69%] Generating gui/moc_stategui.cxx
/home/lihang/dev/gsoc2015/JdeRobot/src/stable/components/introrob_qt/gui/stategui.h:0: Note: No relevant classes found. No output generated.
[ 70%] Generating gui/moc_threadupdategui.cxx
/home/lihang/dev/gsoc2015/JdeRobot/src/stable/components/introrob_qt/gui/threadupdategui.h:0: Note: No relevant classes found. No output generated.
[ 70%] Generating gui/widget/moc_cameraswidget.cxx
[ 71%] Generating gui/widget/moc_controlvw.cxx
[ 71%] Generating gui/widget/moc_glwidget.cxx
[ 71%] Generating gui/widget/moc_laserwidget.cxx
/home/lihang/dev/gsoc2015/JdeRobot/src/stable/components/introrob_qt/gui/widget/laserwidget.h:0: Note: No relevant classes found. No output generated.
Scanning dependencies of target introrob_qt
[ 71%] Building CXX object src/stable/components/introrob_qt/CMakeFiles/introrob_qt.dir/main.cpp.o
[ 72%] Building CXX object src/stable/components/introrob_qt/CMakeFiles/introrob_qt.dir/depuratewindow.cpp.o
[ 72%] Building CXX object src/stable/components/introrob_qt/CMakeFiles/introrob_qt.dir/MyAlgorithm.cpp.o
[ 72%] Building CXX object src/stable/components/introrob_qt/CMakeFiles/introrob_qt.dir/robot/actuators.cpp.o
[ 73%] Building CXX object src/stable/components/introrob_qt/CMakeFiles/introrob_qt.dir/robot/robot.cpp.o
[ 73%] Building CXX object src/stable/components/introrob_qt/CMakeFiles/introrob_qt.dir/robot/sensors.cpp.o
[ 73%] Building CXX object src/stable/components/introrob_qt/CMakeFiles/introrob_qt.dir/robot/threadupdaterobot.cpp.o
[ 74%] Building C object src/stable/components/introrob_qt/CMakeFiles/introrob_qt.dir/pioneer/pioneer.c.o
[ 74%] Building C object src/stable/components/introrob_qt/CMakeFiles/introrob_qt.dir/pioneer/pioneeropengl.c.o
[ 75%] Building CXX object src/stable/components/introrob_qt/CMakeFiles/introrob_qt.dir/gui/gui.cpp.o
[ 75%] Building CXX object src/stable/components/introrob_qt/CMakeFiles/introrob_qt.dir/gui/stategui.cpp.o
[ 75%] Building CXX object src/stable/components/introrob_qt/CMakeFiles/introrob_qt.dir/gui/threadupdategui.cpp.o
[ 76%] Building CXX object src/stable/components/introrob_qt/CMakeFiles/introrob_qt.dir/gui/widget/cameraswidget.cpp.o
[ 76%] Building CXX object src/stable/components/introrob_qt/CMakeFiles/introrob_qt.dir/gui/widget/controlvw.cpp.o
[ 77%] Building CXX object src/stable/components/introrob_qt/CMakeFiles/introrob_qt.dir/gui/widget/glwidget.cpp.o
[ 77%] Building CXX object src/stable/components/introrob_qt/CMakeFiles/introrob_qt.dir/gui/widget/laserwidget.cpp.o
[ 77%] Building CXX object src/stable/components/introrob_qt/CMakeFiles/introrob_qt.dir/moc_depuratewindow.cxx.o
[ 78%] Building CXX object src/stable/components/introrob_qt/CMakeFiles/introrob_qt.dir/robot/moc_actuators.cxx.o
[ 78%] Building CXX object src/stable/components/introrob_qt/CMakeFiles/introrob_qt.dir/robot/moc_robot.cxx.o
[ 78%] Building CXX object src/stable/components/introrob_qt/CMakeFiles/introrob_qt.dir/robot/moc_sensors.cxx.o
[ 79%] Building CXX object src/stable/components/introrob_qt/CMakeFiles/introrob_qt.dir/robot/moc_threadupdaterobot.cxx.o
[ 79%] Building CXX object src/stable/components/introrob_qt/CMakeFiles/introrob_qt.dir/pioneer/moc_pioneer.cxx.o
[ 80%] Building CXX object src/stable/components/introrob_qt/CMakeFiles/introrob_qt.dir/pioneer/moc_pioneeropengl.cxx.o
[ 80%] Building CXX object src/stable/components/introrob_qt/CMakeFiles/introrob_qt.dir/gui/moc_gui.cxx.o
[ 80%] Building CXX object src/stable/components/introrob_qt/CMakeFiles/introrob_qt.dir/gui/moc_stategui.cxx.o
[ 81%] Building CXX object src/stable/components/introrob_qt/CMakeFiles/introrob_qt.dir/gui/moc_threadupdategui.cxx.o
[ 81%] Building CXX object src/stable/components/introrob_qt/CMakeFiles/introrob_qt.dir/gui/widget/moc_cameraswidget.cxx.o
[ 82%] Building CXX object src/stable/components/introrob_qt/CMakeFiles/introrob_qt.dir/gui/widget/moc_controlvw.cxx.o
[ 82%] Building CXX object src/stable/components/introrob_qt/CMakeFiles/introrob_qt.dir/gui/widget/moc_glwidget.cxx.o
[ 82%] Building CXX object src/stable/components/introrob_qt/CMakeFiles/introrob_qt.dir/gui/widget/moc_laserwidget.cxx.o
[ 83%] Building CXX object src/stable/components/introrob_qt/CMakeFiles/introrob_qt.dir/qrc_resources.cxx.o
Linking CXX executable introrob_qt
[ 83%] Built target introrob_qt
Scanning dependencies of target introrob
[ 83%] Building CXX object src/stable/components/introrob/CMakeFiles/introrob.dir/API.cpp.o
[ 84%] Building CXX object src/stable/components/introrob/CMakeFiles/introrob.dir/control.cpp.o
[ 84%] Building CXX object src/stable/components/introrob/CMakeFiles/introrob.dir/drawarea.cpp.o
[ 85%] Building CXX object src/stable/components/introrob/CMakeFiles/introrob.dir/gui.cpp.o
[ 85%] Building CXX object src/stable/components/introrob/CMakeFiles/introrob.dir/introrob.cpp.o
[ 85%] Building CXX object src/stable/components/introrob/CMakeFiles/introrob.dir/MyAlgorithms.cpp.o
[ 86%] Building C object src/stable/components/introrob/CMakeFiles/introrob.dir/pioneer.c.o
[ 86%] Building C object src/stable/components/introrob/CMakeFiles/introrob.dir/pioneeropengl.c.o
Linking CXX executable introrob
[ 86%] Built target introrob
Scanning dependencies of target basic_component
[ 86%] Building CXX object src/stable/components/basic_component/CMakeFiles/basic_component.dir/control/control.cpp.o
[ 87%] Building CXX object src/stable/components/basic_component/CMakeFiles/basic_component.dir/control/threadcontrol.cpp.o
[ 87%] Building CXX object src/stable/components/basic_component/CMakeFiles/basic_component.dir/gui/gui.cpp.o
[ 87%] Building CXX object src/stable/components/basic_component/CMakeFiles/basic_component.dir/gui/threadgui.cpp.o
[ 88%] Building CXX object src/stable/components/basic_component/CMakeFiles/basic_component.dir/basic_component.cpp.o
[ 88%] Building CXX object src/stable/components/basic_component/CMakeFiles/basic_component.dir/shared.cpp.o
Linking CXX executable basic_component
[ 88%] Built target basic_component
Scanning dependencies of target cameraview
[ 88%] Building CXX object src/stable/components/cameraview/CMakeFiles/cameraview.dir/cameraview.cpp.o
[ 88%] Building CXX object src/stable/components/cameraview/CMakeFiles/cameraview.dir/viewer.cpp.o
Linking CXX executable cameraview
[ 88%] Built target cameraview
Scanning dependencies of target giraffeServer
[ 88%] Building CXX object src/stable/components/giraffeServer/CMakeFiles/giraffeServer.dir/jointmotorComp.cpp.o
[ 89%] Building CXX object src/stable/components/giraffeServer/CMakeFiles/giraffeServer.dir/jointmotorI.cpp.o
[ 89%] Building CXX object src/stable/components/giraffeServer/CMakeFiles/giraffeServer.dir/worker.cpp.o
[ 90%] Building CXX object src/stable/components/giraffeServer/CMakeFiles/giraffeServer.dir/dynamixel.cpp.o
[ 90%] Building CXX object src/stable/components/giraffeServer/CMakeFiles/giraffeServer.dir/monitor.cpp.o
[ 90%] Building CXX object src/stable/components/giraffeServer/CMakeFiles/giraffeServer.dir/servo.cpp.o
[ 91%] Building CXX object src/stable/components/giraffeServer/CMakeFiles/giraffeServer.dir/q4serialport/q4serialport.cpp.o
[ 91%] Building CXX object src/stable/components/giraffeServer/CMakeFiles/giraffeServer.dir/moc_monitor.cpp.o
[ 91%] Building CXX object src/stable/components/giraffeServer/CMakeFiles/giraffeServer.dir/moc_q4serialport.cpp.o
[ 92%] Building CXX object src/stable/components/giraffeServer/CMakeFiles/giraffeServer.dir/moc_worker.cpp.o
Linking CXX executable giraffeServer
[ 92%] Built target giraffeServer
Scanning dependencies of target teleoperatorPC
[ 93%] Building CXX object src/stable/components/teleoperator/CMakeFiles/teleoperatorPC.dir/teleoperatorPC.cpp.o
[ 93%] Building CXX object src/stable/components/teleoperator/CMakeFiles/teleoperatorPC.dir/SharedMemory.cpp.o
[ 94%] Building CXX object src/stable/components/teleoperator/CMakeFiles/teleoperatorPC.dir/Gui.cpp.o
[ 94%] Building CXX object src/stable/components/teleoperator/CMakeFiles/teleoperatorPC.dir/controlICE.cpp.o
Linking CXX executable teleoperatorPC
[ 94%] Built target teleoperatorPC
Scanning dependencies of target replayer
[ 94%] Building CXX object src/stable/components/replayer/CMakeFiles/replayer.dir/replayer.cpp.o
[ 94%] Building CXX object src/stable/components/replayer/CMakeFiles/replayer.dir/replayergui.cpp.o
[ 95%] Building CXX object src/stable/components/replayer/CMakeFiles/replayer.dir/control.cpp.o
Linking CXX executable replayer
[ 95%] Built target replayer
Scanning dependencies of target recorder
[ 95%] Building CXX object src/stable/components/recorder/CMakeFiles/recorder.dir/recorder.cpp.o
[ 96%] Building CXX object src/stable/components/recorder/CMakeFiles/recorder.dir/recordergui.cpp.o
[ 96%] Building CXX object src/stable/components/recorder/CMakeFiles/recorder.dir/poolWriteImages.cpp.o
[ 97%] Building CXX object src/stable/components/recorder/CMakeFiles/recorder.dir/poolWritePose3dEncoders.cpp.o
[ 97%] Building CXX object src/stable/components/recorder/CMakeFiles/recorder.dir/poolWriteLasers.cpp.o
[ 97%] Building CXX object src/stable/components/recorder/CMakeFiles/recorder.dir/poolWritePointCloud.cpp.o
[ 98%] Building CXX object src/stable/components/recorder/CMakeFiles/recorder.dir/poolWriteEncoders.cpp.o
[ 98%] Building CXX object src/stable/components/recorder/CMakeFiles/recorder.dir/RingBuffer.cpp.o
Linking CXX executable recorder
[ 98%] Built target recorder
Scanning dependencies of target rgbdManualCalibrator
[ 99%] Building CXX object src/stable/components/rgbdManualCalibrator/CMakeFiles/rgbdManualCalibrator.dir/controller.cpp.o
[ 99%] Building CXX object src/stable/components/rgbdManualCalibrator/CMakeFiles/rgbdManualCalibrator.dir/drawarea.cpp.o
/home/lihang/dev/gsoc2015/JdeRobot/src/stable/components/rgbdManualCalibrator/drawarea.cpp: In member function ‘int rgbdManualCalibrator::DrawArea::load_line(FILE*)’:
/home/lihang/dev/gsoc2015/JdeRobot/src/stable/components/rgbdManualCalibrator/drawarea.cpp:520:162: warning: format ‘%s’ expects a matching ‘char*’ argument [-Wformat=]
   number=sscanf(buffer_file,"%s %s %s %s %s %s %s %s %s %s %s %s",word1,words[0],words[1],words[2],words[3],words[4],words[5],words[6],words[7],words[8],words[9]);
                                                                                                                                                                  ^
[100%] Building CXX object src/stable/components/rgbdManualCalibrator/CMakeFiles/rgbdManualCalibrator.dir/rgbdManualCalibrator.cpp.o
[100%] Building CXX object src/stable/components/rgbdManualCalibrator/CMakeFiles/rgbdManualCalibrator.dir/view.cpp.o
Linking CXX executable rgbdManualCalibrator
[100%] Built target rgbdManualCalibrator
